<?xml version="1.0" encoding="UTF-8"?>
<!-- Generated by org.testng.reporters.JUnitXMLReporter -->
<testsuite hostname="LAPTOP-OOO8O0GL" ignored="0" name="Test" tests="5" failures="4" timestamp="2020-10-26T22:12:59 EDT" time="44.216" errors="0">
  <testcase name="logintowordpress" time="10.372" classname="com.wordpress.tests.TestSeleniumChrome"/>
  <testcase name="logintowordpress" time="7.433" classname="com.wordpress.tests.TestSeleniumChrome">
    <failure type="java.lang.AssertionError" message="expected [http://demosite.center/wordpress/wp-login.php] but found [http://demosite.center/wordpress/wp-admin/]">
      <![CDATA[java.lang.AssertionError: expected [http://demosite.center/wordpress/wp-login.php] but found [http://demosite.center/wordpress/wp-admin/]
at com.wordpress.tests.TestSeleniumChrome.logintowordpress(TestSeleniumChrome.java:35)
at java.util.ArrayList.forEach(Unknown Source)
... Removed 32 stack frames]]>
    </failure>
  </testcase> <!-- logintowordpress -->
  <testcase name="logintowordpress" time="7.1" classname="com.wordpress.tests.TestSeleniumChrome">
    <failure type="java.lang.AssertionError" message="expected [http://demosite.center/wordpress/wp-login.php] but found [http://demosite.center/wordpress/wp-admin/]">
      <![CDATA[java.lang.AssertionError: expected [http://demosite.center/wordpress/wp-login.php] but found [http://demosite.center/wordpress/wp-admin/]
at com.wordpress.tests.TestSeleniumChrome.logintowordpress(TestSeleniumChrome.java:35)
at java.util.ArrayList.forEach(Unknown Source)
... Removed 32 stack frames]]>
    </failure>
  </testcase> <!-- logintowordpress -->
  <testcase name="logintowordpress" time="3.237" classname="com.wordpress.tests.TestSeleniumChrome">
    <failure type="org.openqa.selenium.WebDriverException" message="unknown error: cannot determine loading status
from disconnected: received Inspector.detached event
  (Session info: chrome=86.0.4240.111)
Build info: version: &amp;apos;3.141.59&amp;apos;, revision: &amp;apos;e82be7d358&amp;apos;, time: &amp;apos;2018-11-14T08:17:03&amp;apos;
System info: host: &amp;apos;LAPTOP-OOO8O0GL&amp;apos;, ip: &amp;apos;192.168.1.164&amp;apos;, os.name: &amp;apos;Windows 10&amp;apos;, os.arch: &amp;apos;amd64&amp;apos;, os.version: &amp;apos;10.0&amp;apos;, java.version: &amp;apos;1.8.0_261&amp;apos;
Driver info: org.openqa.selenium.chrome.ChromeDriver
Capabilities {acceptInsecureCerts: false, browserName: chrome, browserVersion: 86.0.4240.111, chrome: {chromedriverVersion: 85.0.4183.87 (cd6713ebf92fa..., userDataDir: C:\Users\jenso\AppData\Loca...}, goog:chromeOptions: {debuggerAddress: localhost:63552}, javascriptEnabled: true, networkConnectionEnabled: false, pageLoadStrategy: normal, platform: WINDOWS, platformName: WINDOWS, proxy: Proxy(), setWindowRect: true, strictFileInteractability: false, timeouts: {implicit: 0, pageLoad: 300000, script: 30000}, unhandledPromptBehavior: dismiss and notify, webauthn:virtualAuthenticators: true}
Session ID: 8483bfa616b5b83f2dcccd5cd69870a1">
      <![CDATA[org.openqa.selenium.WebDriverException: unknown error: cannot determine loading status
from disconnected: received Inspector.detached event
  (Session info: chrome=86.0.4240.111)
Build info: version: '3.141.59', revision: 'e82be7d358', time: '2018-11-14T08:17:03'
System info: host: 'LAPTOP-OOO8O0GL', ip: '192.168.1.164', os.name: 'Windows 10', os.arch: 'amd64', os.version: '10.0', java.version: '1.8.0_261'
Driver info: org.openqa.selenium.chrome.ChromeDriver
Capabilities {acceptInsecureCerts: false, browserName: chrome, browserVersion: 86.0.4240.111, chrome: {chromedriverVersion: 85.0.4183.87 (cd6713ebf92fa..., userDataDir: C:\Users\jenso\AppData\Loca...}, goog:chromeOptions: {debuggerAddress: localhost:63552}, javascriptEnabled: true, networkConnectionEnabled: false, pageLoadStrategy: normal, platform: WINDOWS, platformName: WINDOWS, proxy: Proxy(), setWindowRect: true, strictFileInteractability: false, timeouts: {implicit: 0, pageLoad: 300000, script: 30000}, unhandledPromptBehavior: dismiss and notify, webauthn:virtualAuthenticators: true}
Session ID: 8483bfa616b5b83f2dcccd5cd69870a1
at org.openqa.selenium.remote.http.W3CHttpResponseCodec.createException(W3CHttpResponseCodec.java:187)
at org.openqa.selenium.remote.http.W3CHttpResponseCodec.decode(W3CHttpResponseCodec.java:122)
at org.openqa.selenium.remote.http.W3CHttpResponseCodec.decode(W3CHttpResponseCodec.java:49)
at org.openqa.selenium.remote.HttpCommandExecutor.execute(HttpCommandExecutor.java:158)
at org.openqa.selenium.remote.service.DriverCommandExecutor.execute(DriverCommandExecutor.java:83)
at org.openqa.selenium.remote.RemoteWebDriver.execute(RemoteWebDriver.java:552)
at org.openqa.selenium.remote.RemoteWebDriver.get(RemoteWebDriver.java:277)
at com.wordpress.tests.TestSeleniumChrome.logintowordpress(TestSeleniumChrome.java:29)
at java.util.ArrayList.forEach(Unknown Source)
... Removed 31 stack frames]]>
    </failure>
  </testcase> <!-- logintowordpress -->
  <testcase name="checkValidlogin" time="13.041" classname="com.wordpress.tests.Wordpressvalidlogin">
    <failure type="org.openqa.selenium.SessionNotCreatedException" message="session not created
from chrome not reachable
  (Session info: chrome=86.0.4240.111)
Build info: version: &amp;apos;3.141.59&amp;apos;, revision: &amp;apos;e82be7d358&amp;apos;, time: &amp;apos;2018-11-14T08:17:03&amp;apos;
System info: host: &amp;apos;LAPTOP-OOO8O0GL&amp;apos;, ip: &amp;apos;192.168.1.164&amp;apos;, os.name: &amp;apos;Windows 10&amp;apos;, os.arch: &amp;apos;amd64&amp;apos;, os.version: &amp;apos;10.0&amp;apos;, java.version: &amp;apos;1.8.0_261&amp;apos;
Driver info: driver.version: ChromeDriver
remote stacktrace: Backtrace:
	Ordinal0 [0x0127D383+3134339]
	Ordinal0 [0x0116A171+2007409]
	Ordinal0 [0x0100AD90+568720]
	Ordinal0 [0x01001364+529252]
	Ordinal0 [0x010019FC+530940]
	Ordinal0 [0x01002C15+535573]
	Ordinal0 [0x00FFDFC5+516037]
	Ordinal0 [0x0100BF70+573296]
	Ordinal0 [0x00FB1916+203030]
	Ordinal0 [0x00FB0C1D+199709]
	Ordinal0 [0x00FAEB0B+191243]
	Ordinal0 [0x00F92E77+77431]
	Ordinal0 [0x00F93E3E+81470]
	Ordinal0 [0x00F93DC9+81353]
	Ordinal0 [0x01180CD9+2100441]
	GetHandleVerifier [0x013EB75A+1396954]
	GetHandleVerifier [0x013EB3D9+1396057]
	GetHandleVerifier [0x013F7126+1444518]
	GetHandleVerifier [0x013EBCE8+1398376]
	Ordinal0 [0x01177F51+2064209]
	Ordinal0 [0x011822EB+2106091]
	Ordinal0 [0x01182411+2106385]
	Ordinal0 [0x011949C4+2181572]
	BaseThreadInitThunk [0x75676359+25]
	RtlGetAppContainerNamedObjectPath [0x77687C24+228]
	RtlGetAppContainerNamedObjectPath [0x77687BF4+180]
">
      <![CDATA[org.openqa.selenium.SessionNotCreatedException: session not created
from chrome not reachable
  (Session info: chrome=86.0.4240.111)
Build info: version: '3.141.59', revision: 'e82be7d358', time: '2018-11-14T08:17:03'
System info: host: 'LAPTOP-OOO8O0GL', ip: '192.168.1.164', os.name: 'Windows 10', os.arch: 'amd64', os.version: '10.0', java.version: '1.8.0_261'
Driver info: driver.version: ChromeDriver
remote stacktrace: Backtrace:
Ordinal0 [0x0127D383+3134339]
Ordinal0 [0x0116A171+2007409]
Ordinal0 [0x0100AD90+568720]
Ordinal0 [0x01001364+529252]
Ordinal0 [0x010019FC+530940]
Ordinal0 [0x01002C15+535573]
Ordinal0 [0x00FFDFC5+516037]
Ordinal0 [0x0100BF70+573296]
Ordinal0 [0x00FB1916+203030]
Ordinal0 [0x00FB0C1D+199709]
Ordinal0 [0x00FAEB0B+191243]
Ordinal0 [0x00F92E77+77431]
Ordinal0 [0x00F93E3E+81470]
Ordinal0 [0x00F93DC9+81353]
Ordinal0 [0x01180CD9+2100441]
GetHandleVerifier [0x013EB75A+1396954]
GetHandleVerifier [0x013EB3D9+1396057]
GetHandleVerifier [0x013F7126+1444518]
GetHandleVerifier [0x013EBCE8+1398376]
Ordinal0 [0x01177F51+2064209]
Ordinal0 [0x011822EB+2106091]
Ordinal0 [0x01182411+2106385]
Ordinal0 [0x011949C4+2181572]
BaseThreadInitThunk [0x75676359+25]
RtlGetAppContainerNamedObjectPath [0x77687C24+228]
RtlGetAppContainerNamedObjectPath [0x77687BF4+180]

at org.openqa.selenium.remote.W3CHandshakeResponse.lambda$errorHandler$0(W3CHandshakeResponse.java:62)
at org.openqa.selenium.remote.HandshakeResponse.lambda$getResponseFunction$0(HandshakeResponse.java:30)
at org.openqa.selenium.remote.ProtocolHandshake.lambda$createSession$0(ProtocolHandshake.java:126)
at java.util.stream.ReferencePipeline$3$1.accept(Unknown Source)
at java.util.Spliterators$ArraySpliterator.tryAdvance(Unknown Source)
at java.util.stream.ReferencePipeline.forEachWithCancel(Unknown Source)
at java.util.stream.AbstractPipeline.copyIntoWithCancel(Unknown Source)
at java.util.stream.AbstractPipeline.copyInto(Unknown Source)
at java.util.stream.AbstractPipeline.wrapAndCopyInto(Unknown Source)
at java.util.stream.FindOps$FindOp.evaluateSequential(Unknown Source)
at java.util.stream.AbstractPipeline.evaluate(Unknown Source)
at java.util.stream.ReferencePipeline.findFirst(Unknown Source)
at org.openqa.selenium.remote.ProtocolHandshake.createSession(ProtocolHandshake.java:128)
at org.openqa.selenium.remote.ProtocolHandshake.createSession(ProtocolHandshake.java:74)
at org.openqa.selenium.remote.HttpCommandExecutor.execute(HttpCommandExecutor.java:136)
at org.openqa.selenium.remote.service.DriverCommandExecutor.execute(DriverCommandExecutor.java:83)
at org.openqa.selenium.remote.RemoteWebDriver.execute(RemoteWebDriver.java:552)
at org.openqa.selenium.remote.RemoteWebDriver.startSession(RemoteWebDriver.java:213)
at org.openqa.selenium.remote.RemoteWebDriver.<init>(RemoteWebDriver.java:131)
at org.openqa.selenium.chrome.ChromeDriver.<init>(ChromeDriver.java:181)
at org.openqa.selenium.chrome.ChromeDriver.<init>(ChromeDriver.java:168)
at org.openqa.selenium.chrome.ChromeDriver.<init>(ChromeDriver.java:123)
at com.wordpress.util.BrowserFactory.startBrowser(BrowserFactory.java:16)
at com.wordpress.tests.Wordpressvalidlogin.checkValidlogin(Wordpressvalidlogin.java:21)
at java.util.ArrayList.forEach(Unknown Source)
... Removed 31 stack frames]]>
    </failure>
  </testcase> <!-- checkValidlogin -->
</testsuite> <!-- Test -->
