<?xml version="1.0" encoding="UTF-8"?>
<!-- Generated by org.testng.reporters.JUnitXMLReporter -->
<testsuite hostname="LAPTOP-OOO8O0GL" ignored="0" name="Test" tests="5" failures="3" timestamp="2020-10-27T22:19:38 EDT" time="45.345" errors="0">
  <testcase name="logintowordpress" time="10.916" classname="com.wordpress.tests.TestSeleniumChrome"/>
  <testcase name="logintowordpress" time="7.441" classname="com.wordpress.tests.TestSeleniumChrome">
    <failure type="java.lang.AssertionError" message="expected [http://demosite.center/wordpress/wp-login.php] but found [http://demosite.center/wordpress/wp-admin/]">
      <![CDATA[java.lang.AssertionError: expected [http://demosite.center/wordpress/wp-login.php] but found [http://demosite.center/wordpress/wp-admin/]
at com.wordpress.tests.TestSeleniumChrome.logintowordpress(TestSeleniumChrome.java:35)
at java.util.ArrayList.forEach(ArrayList.java:1259)
... Removed 36 stack frames]]>
    </failure>
  </testcase> <!-- logintowordpress -->
  <testcase name="logintowordpress" time="7.632" classname="com.wordpress.tests.TestSeleniumChrome">
    <failure type="java.lang.AssertionError" message="expected [http://demosite.center/wordpress/wp-login.php] but found [http://demosite.center/wordpress/wp-admin/]">
      <![CDATA[java.lang.AssertionError: expected [http://demosite.center/wordpress/wp-login.php] but found [http://demosite.center/wordpress/wp-admin/]
at com.wordpress.tests.TestSeleniumChrome.logintowordpress(TestSeleniumChrome.java:35)
at java.util.ArrayList.forEach(ArrayList.java:1259)
... Removed 36 stack frames]]>
    </failure>
  </testcase> <!-- logintowordpress -->
  <testcase name="logintowordpress" time="7.39" classname="com.wordpress.tests.TestSeleniumChrome">
    <failure type="java.lang.AssertionError" message="expected [http://demosite.center/wordpress/wp-login.php] but found [http://demosite.center/wordpress/wp-admin/]">
      <![CDATA[java.lang.AssertionError: expected [http://demosite.center/wordpress/wp-login.php] but found [http://demosite.center/wordpress/wp-admin/]
at com.wordpress.tests.TestSeleniumChrome.logintowordpress(TestSeleniumChrome.java:35)
at java.util.ArrayList.forEach(ArrayList.java:1259)
... Removed 36 stack frames]]>
    </failure>
  </testcase> <!-- logintowordpress -->
  <testcase name="checkValidlogin" time="8.819" classname="com.wordpress.tests.Wordpressvalidlogin"/>
</testsuite> <!-- Test -->
