<!DOCTYPE html PUBLIC "-//W3C//DTD XHTML 1.1//EN" "http://www.w3.org/TR/xhtml11/DTD/xhtml11.dtd">
<html xmlns="http://www.w3.org/1999/xhtml">
<head>
<meta http-equiv="content-type" content="text/html; charset=UTF-8"/>
<title>TestNG Report</title>
<style type="text/css">table {margin-bottom:10px;border-collapse:collapse;empty-cells:show}th,td {border:1px solid #009;padding:.25em .5em}th {vertical-align:bottom}td {vertical-align:top}table a {font-weight:bold}.stripe td {background-color: #E6EBF9}.num {text-align:right}.passedodd td {background-color: #3F3}.passedeven td {background-color: #0A0}.skippedodd td {background-color: #DDD}.skippedeven td {background-color: #CCC}.failedodd td,.attn {background-color: #F33}.failedeven td,.stripe .attn {background-color: #D00}.stacktrace {white-space:pre;font-family:monospace}.totop {font-size:85%;text-align:center;border-bottom:2px solid #000}.invisible {display:none}</style>
</head>
<body>
<table>
<tr><th>Test</th><th># Passed</th><th># Skipped</th><th># Retried</th><th># Failed</th><th>Time (ms)</th><th>Included Groups</th><th>Excluded Groups</th></tr>
<tr><th colspan="8">Suite</th></tr>
<tr><td><a href="#t0">Test</a></td><td class="num">1</td><td class="num">0</td><td class="num">0</td><td class="num attn">4</td><td class="num">44,216</td><td></td><td></td></tr>
</table>
<table id='summary'><thead><tr><th>Class</th><th>Method</th><th>Start</th><th>Time (ms)</th></tr></thead><tbody><tr><th colspan="4">Suite</th></tr></tbody><tbody id="t0"><tr><th colspan="4">Test &#8212; failed</th></tr><tr class="failedeven"><td rowspan="3">com.wordpress.tests.TestSeleniumChrome</td><td><a href="#m0">logintowordpress</a></td><td rowspan="3">1603764746999</td><td rowspan="3">7433</td></tr><tr class="failedeven"><td><a href="#m1">logintowordpress</a></td></tr><tr class="failedeven"><td><a href="#m2">logintowordpress</a></td></tr><tr class="failedodd"><td rowspan="1">com.wordpress.tests.Wordpressvalidlogin</td><td><a href="#m3">checkValidlogin</a></td><td rowspan="1">1603764766624</td><td rowspan="1">13041</td></tr><tr><th colspan="4">Test &#8212; passed</th></tr><tr class="passedeven"><td rowspan="1">com.wordpress.tests.TestSeleniumChrome</td><td><a href="#m4">logintowordpress</a></td><td rowspan="1">1603764735906</td><td rowspan="1">10372</td></tr></tbody>
</table>
<h2>Test</h2><h3 id="m0">com.wordpress.tests.TestSeleniumChrome#logintowordpress</h3><table class="result"><tr class="param"><th>Parameter #1</th><th>Parameter #2</th></tr><tr class="param stripe"><td>selvi</td><td>jenson</td></tr><tr><th colspan="2">Exception</th></tr><tr><td colspan="2"><div class="stacktrace">java.lang.AssertionError: expected [http://demosite.center/wordpress/wp-login.php] but found [http://demosite.center/wordpress/wp-admin/]
	at com.wordpress.tests.TestSeleniumChrome.logintowordpress(TestSeleniumChrome.java:35)
	at java.util.ArrayList.forEach(Unknown Source)
... Removed 32 stack frames</div></td></tr></table><p class="totop"><a href="#summary">back to summary</a></p>
<h3 id="m1">com.wordpress.tests.TestSeleniumChrome#logintowordpress</h3><table class="result"><tr class="param"><th>Parameter #1</th><th>Parameter #2</th></tr><tr class="param stripe"><td>shdsajhd</td><td>msmdsa</td></tr><tr><th colspan="2">Exception</th></tr><tr><td colspan="2"><div class="stacktrace">org.openqa.selenium.WebDriverException: unknown error: cannot determine loading status
from disconnected: received Inspector.detached event
  (Session info: chrome=86.0.4240.111)
Build info: version: &apos;3.141.59&apos;, revision: &apos;e82be7d358&apos;, time: &apos;2018-11-14T08:17:03&apos;
System info: host: &apos;LAPTOP-OOO8O0GL&apos;, ip: &apos;192.168.1.164&apos;, os.name: &apos;Windows 10&apos;, os.arch: &apos;amd64&apos;, os.version: &apos;10.0&apos;, java.version: &apos;1.8.0_261&apos;
Driver info: org.openqa.selenium.chrome.ChromeDriver
Capabilities {acceptInsecureCerts: false, browserName: chrome, browserVersion: 86.0.4240.111, chrome: {chromedriverVersion: 85.0.4183.87 (cd6713ebf92fa..., userDataDir: C:\Users\jenso\AppData\Loca...}, goog:chromeOptions: {debuggerAddress: localhost:63552}, javascriptEnabled: true, networkConnectionEnabled: false, pageLoadStrategy: normal, platform: WINDOWS, platformName: WINDOWS, proxy: Proxy(), setWindowRect: true, strictFileInteractability: false, timeouts: {implicit: 0, pageLoad: 300000, script: 30000}, unhandledPromptBehavior: dismiss and notify, webauthn:virtualAuthenticators: true}
Session ID: 8483bfa616b5b83f2dcccd5cd69870a1
	at org.openqa.selenium.remote.http.W3CHttpResponseCodec.createException(W3CHttpResponseCodec.java:187)
	at org.openqa.selenium.remote.http.W3CHttpResponseCodec.decode(W3CHttpResponseCodec.java:122)
	at org.openqa.selenium.remote.http.W3CHttpResponseCodec.decode(W3CHttpResponseCodec.java:49)
	at org.openqa.selenium.remote.HttpCommandExecutor.execute(HttpCommandExecutor.java:158)
	at org.openqa.selenium.remote.service.DriverCommandExecutor.execute(DriverCommandExecutor.java:83)
	at org.openqa.selenium.remote.RemoteWebDriver.execute(RemoteWebDriver.java:552)
	at org.openqa.selenium.remote.RemoteWebDriver.get(RemoteWebDriver.java:277)
	at com.wordpress.tests.TestSeleniumChrome.logintowordpress(TestSeleniumChrome.java:29)
	at java.util.ArrayList.forEach(Unknown Source)
... Removed 31 stack frames</div></td></tr></table><p class="totop"><a href="#summary">back to summary</a></p>
<h3 id="m2">com.wordpress.tests.TestSeleniumChrome#logintowordpress</h3><table class="result"><tr class="param"><th>Parameter #1</th><th>Parameter #2</th></tr><tr class="param stripe"><td>jeffina</td><td>jerrina</td></tr><tr><th colspan="2">Exception</th></tr><tr><td colspan="2"><div class="stacktrace">java.lang.AssertionError: expected [http://demosite.center/wordpress/wp-login.php] but found [http://demosite.center/wordpress/wp-admin/]
	at com.wordpress.tests.TestSeleniumChrome.logintowordpress(TestSeleniumChrome.java:35)
	at java.util.ArrayList.forEach(Unknown Source)
... Removed 32 stack frames</div></td></tr></table><p class="totop"><a href="#summary">back to summary</a></p>
<h3 id="m3">com.wordpress.tests.Wordpressvalidlogin#checkValidlogin</h3><table class="result"><tr><th>Exception</th></tr><tr><td><div class="stacktrace">org.openqa.selenium.SessionNotCreatedException: session not created
from chrome not reachable
  (Session info: chrome=86.0.4240.111)
Build info: version: &apos;3.141.59&apos;, revision: &apos;e82be7d358&apos;, time: &apos;2018-11-14T08:17:03&apos;
System info: host: &apos;LAPTOP-OOO8O0GL&apos;, ip: &apos;192.168.1.164&apos;, os.name: &apos;Windows 10&apos;, os.arch: &apos;amd64&apos;, os.version: &apos;10.0&apos;, java.version: &apos;1.8.0_261&apos;
Driver info: driver.version: ChromeDriver
remote stacktrace: Backtrace:
	Ordinal0 [0x0127D383+3134339]
	Ordinal0 [0x0116A171+2007409]
	Ordinal0 [0x0100AD90+568720]
	Ordinal0 [0x01001364+529252]
	Ordinal0 [0x010019FC+530940]
	Ordinal0 [0x01002C15+535573]
	Ordinal0 [0x00FFDFC5+516037]
	Ordinal0 [0x0100BF70+573296]
	Ordinal0 [0x00FB1916+203030]
	Ordinal0 [0x00FB0C1D+199709]
	Ordinal0 [0x00FAEB0B+191243]
	Ordinal0 [0x00F92E77+77431]
	Ordinal0 [0x00F93E3E+81470]
	Ordinal0 [0x00F93DC9+81353]
	Ordinal0 [0x01180CD9+2100441]
	GetHandleVerifier [0x013EB75A+1396954]
	GetHandleVerifier [0x013EB3D9+1396057]
	GetHandleVerifier [0x013F7126+1444518]
	GetHandleVerifier [0x013EBCE8+1398376]
	Ordinal0 [0x01177F51+2064209]
	Ordinal0 [0x011822EB+2106091]
	Ordinal0 [0x01182411+2106385]
	Ordinal0 [0x011949C4+2181572]
	BaseThreadInitThunk [0x75676359+25]
	RtlGetAppContainerNamedObjectPath [0x77687C24+228]
	RtlGetAppContainerNamedObjectPath [0x77687BF4+180]

	at org.openqa.selenium.remote.W3CHandshakeResponse.lambda$errorHandler$0(W3CHandshakeResponse.java:62)
	at org.openqa.selenium.remote.HandshakeResponse.lambda$getResponseFunction$0(HandshakeResponse.java:30)
	at org.openqa.selenium.remote.ProtocolHandshake.lambda$createSession$0(ProtocolHandshake.java:126)
	at java.util.stream.ReferencePipeline$3$1.accept(Unknown Source)
	at java.util.Spliterators$ArraySpliterator.tryAdvance(Unknown Source)
	at java.util.stream.ReferencePipeline.forEachWithCancel(Unknown Source)
	at java.util.stream.AbstractPipeline.copyIntoWithCancel(Unknown Source)
	at java.util.stream.AbstractPipeline.copyInto(Unknown Source)
	at java.util.stream.AbstractPipeline.wrapAndCopyInto(Unknown Source)
	at java.util.stream.FindOps$FindOp.evaluateSequential(Unknown Source)
	at java.util.stream.AbstractPipeline.evaluate(Unknown Source)
	at java.util.stream.ReferencePipeline.findFirst(Unknown Source)
	at org.openqa.selenium.remote.ProtocolHandshake.createSession(ProtocolHandshake.java:128)
	at org.openqa.selenium.remote.ProtocolHandshake.createSession(ProtocolHandshake.java:74)
	at org.openqa.selenium.remote.HttpCommandExecutor.execute(HttpCommandExecutor.java:136)
	at org.openqa.selenium.remote.service.DriverCommandExecutor.execute(DriverCommandExecutor.java:83)
	at org.openqa.selenium.remote.RemoteWebDriver.execute(RemoteWebDriver.java:552)
	at org.openqa.selenium.remote.RemoteWebDriver.startSession(RemoteWebDriver.java:213)
	at org.openqa.selenium.remote.RemoteWebDriver.&lt;init&gt;(RemoteWebDriver.java:131)
	at org.openqa.selenium.chrome.ChromeDriver.&lt;init&gt;(ChromeDriver.java:181)
	at org.openqa.selenium.chrome.ChromeDriver.&lt;init&gt;(ChromeDriver.java:168)
	at org.openqa.selenium.chrome.ChromeDriver.&lt;init&gt;(ChromeDriver.java:123)
	at com.wordpress.util.BrowserFactory.startBrowser(BrowserFactory.java:16)
	at com.wordpress.tests.Wordpressvalidlogin.checkValidlogin(Wordpressvalidlogin.java:21)
	at java.util.ArrayList.forEach(Unknown Source)
... Removed 31 stack frames</div></td></tr></table><p class="totop"><a href="#summary">back to summary</a></p>
<h3 id="m4">com.wordpress.tests.TestSeleniumChrome#logintowordpress</h3><table class="result"><tr class="param"><th>Parameter #1</th><th>Parameter #2</th></tr><tr class="param stripe"><td>admin</td><td>demo123</td></tr></table><p class="totop"><a href="#summary">back to summary</a></p>
</body>
</html>
