<?xml version="1.0" encoding="UTF-8"?>
<!-- Generated by org.testng.reporters.JUnitReportReporter -->
<testsuite skipped="0" hostname="LAPTOP-OOO8O0GL" name="com.wordpress.tests.Wordpressvalidlogin" tests="1" failures="0" timestamp="2020-10-26T22:12:59 EDT" time="13.041" errors="1">
  <testcase name="checkValidlogin" time="13.041" classname="com.wordpress.tests.Wordpressvalidlogin">
    <error type="org.openqa.selenium.SessionNotCreatedException" message="session not created
from chrome not reachable
  (Session info: chrome=86.0.4240.111)
Build info: version: &#039;3.141.59&#039;, revision: &#039;e82be7d358&#039;, time: &#039;2018-11-14T08:17:03&#039;
System info: host: &#039;LAPTOP-OOO8O0GL&#039;, ip: &#039;192.168.1.164&#039;, os.name: &#039;Windows 10&#039;, os.arch: &#039;amd64&#039;, os.version: &#039;10.0&#039;, java.version: &#039;1.8.0_261&#039;
Driver info: driver.version: ChromeDriver
remote stacktrace: Backtrace:
	Ordinal0 [0x0127D383+3134339]
	Ordinal0 [0x0116A171+2007409]
	Ordinal0 [0x0100AD90+568720]
	Ordinal0 [0x01001364+529252]
	Ordinal0 [0x010019FC+530940]
	Ordinal0 [0x01002C15+535573]
	Ordinal0 [0x00FFDFC5+516037]
	Ordinal0 [0x0100BF70+573296]
	Ordinal0 [0x00FB1916+203030]
	Ordinal0 [0x00FB0C1D+199709]
	Ordinal0 [0x00FAEB0B+191243]
	Ordinal0 [0x00F92E77+77431]
	Ordinal0 [0x00F93E3E+81470]
	Ordinal0 [0x00F93DC9+81353]
	Ordinal0 [0x01180CD9+2100441]
	GetHandleVerifier [0x013EB75A+1396954]
	GetHandleVerifier [0x013EB3D9+1396057]
	GetHandleVerifier [0x013F7126+1444518]
	GetHandleVerifier [0x013EBCE8+1398376]
	Ordinal0 [0x01177F51+2064209]
	Ordinal0 [0x011822EB+2106091]
	Ordinal0 [0x01182411+2106385]
	Ordinal0 [0x011949C4+2181572]
	BaseThreadInitThunk [0x75676359+25]
	RtlGetAppContainerNamedObjectPath [0x77687C24+228]
	RtlGetAppContainerNamedObjectPath [0x77687BF4+180]
">
      <![CDATA[org.openqa.selenium.SessionNotCreatedException: session not created
from chrome not reachable
  (Session info: chrome=86.0.4240.111)
Build info: version: '3.141.59', revision: 'e82be7d358', time: '2018-11-14T08:17:03'
System info: host: 'LAPTOP-OOO8O0GL', ip: '192.168.1.164', os.name: 'Windows 10', os.arch: 'amd64', os.version: '10.0', java.version: '1.8.0_261'
Driver info: driver.version: ChromeDriver
remote stacktrace: Backtrace:
Ordinal0 [0x0127D383+3134339]
Ordinal0 [0x0116A171+2007409]
Ordinal0 [0x0100AD90+568720]
Ordinal0 [0x01001364+529252]
Ordinal0 [0x010019FC+530940]
Ordinal0 [0x01002C15+535573]
Ordinal0 [0x00FFDFC5+516037]
Ordinal0 [0x0100BF70+573296]
Ordinal0 [0x00FB1916+203030]
Ordinal0 [0x00FB0C1D+199709]
Ordinal0 [0x00FAEB0B+191243]
Ordinal0 [0x00F92E77+77431]
Ordinal0 [0x00F93E3E+81470]
Ordinal0 [0x00F93DC9+81353]
Ordinal0 [0x01180CD9+2100441]
GetHandleVerifier [0x013EB75A+1396954]
GetHandleVerifier [0x013EB3D9+1396057]
GetHandleVerifier [0x013F7126+1444518]
GetHandleVerifier [0x013EBCE8+1398376]
Ordinal0 [0x01177F51+2064209]
Ordinal0 [0x011822EB+2106091]
Ordinal0 [0x01182411+2106385]
Ordinal0 [0x011949C4+2181572]
BaseThreadInitThunk [0x75676359+25]
RtlGetAppContainerNamedObjectPath [0x77687C24+228]
RtlGetAppContainerNamedObjectPath [0x77687BF4+180]

at sun.reflect.NativeConstructorAccessorImpl.newInstance0(Native Method)
at sun.reflect.NativeConstructorAccessorImpl.newInstance(Unknown Source)
at sun.reflect.DelegatingConstructorAccessorImpl.newInstance(Unknown Source)
at java.lang.reflect.Constructor.newInstance(Unknown Source)
at org.openqa.selenium.remote.W3CHandshakeResponse.lambda$errorHandler$0(W3CHandshakeResponse.java:62)
at org.openqa.selenium.remote.HandshakeResponse.lambda$getResponseFunction$0(HandshakeResponse.java:30)
at org.openqa.selenium.remote.ProtocolHandshake.lambda$createSession$0(ProtocolHandshake.java:126)
at java.util.stream.ReferencePipeline$3$1.accept(Unknown Source)
at java.util.Spliterators$ArraySpliterator.tryAdvance(Unknown Source)
at java.util.stream.ReferencePipeline.forEachWithCancel(Unknown Source)
at java.util.stream.AbstractPipeline.copyIntoWithCancel(Unknown Source)
at java.util.stream.AbstractPipeline.copyInto(Unknown Source)
at java.util.stream.AbstractPipeline.wrapAndCopyInto(Unknown Source)
at java.util.stream.FindOps$FindOp.evaluateSequential(Unknown Source)
at java.util.stream.AbstractPipeline.evaluate(Unknown Source)
at java.util.stream.ReferencePipeline.findFirst(Unknown Source)
at org.openqa.selenium.remote.ProtocolHandshake.createSession(ProtocolHandshake.java:128)
at org.openqa.selenium.remote.ProtocolHandshake.createSession(ProtocolHandshake.java:74)
at org.openqa.selenium.remote.HttpCommandExecutor.execute(HttpCommandExecutor.java:136)
at org.openqa.selenium.remote.service.DriverCommandExecutor.execute(DriverCommandExecutor.java:83)
at org.openqa.selenium.remote.RemoteWebDriver.execute(RemoteWebDriver.java:552)
at org.openqa.selenium.remote.RemoteWebDriver.startSession(RemoteWebDriver.java:213)
at org.openqa.selenium.remote.RemoteWebDriver.<init>(RemoteWebDriver.java:131)
at org.openqa.selenium.chrome.ChromeDriver.<init>(ChromeDriver.java:181)
at org.openqa.selenium.chrome.ChromeDriver.<init>(ChromeDriver.java:168)
at org.openqa.selenium.chrome.ChromeDriver.<init>(ChromeDriver.java:123)
at com.wordpress.util.BrowserFactory.startBrowser(BrowserFactory.java:16)
at com.wordpress.tests.Wordpressvalidlogin.checkValidlogin(Wordpressvalidlogin.java:21)
at sun.reflect.NativeMethodAccessorImpl.invoke0(Native Method)
at sun.reflect.NativeMethodAccessorImpl.invoke(Unknown Source)
at sun.reflect.DelegatingMethodAccessorImpl.invoke(Unknown Source)
at java.lang.reflect.Method.invoke(Unknown Source)
at org.testng.internal.MethodInvocationHelper.invokeMethod(MethodInvocationHelper.java:134)
at org.testng.internal.TestInvoker.invokeMethod(TestInvoker.java:597)
at org.testng.internal.TestInvoker.invokeTestMethod(TestInvoker.java:173)
at org.testng.internal.MethodRunner.runInSequence(MethodRunner.java:46)
at org.testng.internal.TestInvoker$MethodInvocationAgent.invoke(TestInvoker.java:816)
at org.testng.internal.TestInvoker.invokeTestMethods(TestInvoker.java:146)
at org.testng.internal.TestMethodWorker.invokeTestMethods(TestMethodWorker.java:146)
at org.testng.internal.TestMethodWorker.run(TestMethodWorker.java:128)
at java.util.ArrayList.forEach(Unknown Source)
at org.testng.TestRunner.privateRun(TestRunner.java:766)
at org.testng.TestRunner.run(TestRunner.java:587)
at org.testng.SuiteRunner.runTest(SuiteRunner.java:384)
at org.testng.SuiteRunner.runSequentially(SuiteRunner.java:378)
at org.testng.SuiteRunner.privateRun(SuiteRunner.java:337)
at org.testng.SuiteRunner.run(SuiteRunner.java:286)
at org.testng.SuiteRunnerWorker.runSuite(SuiteRunnerWorker.java:53)
at org.testng.SuiteRunnerWorker.run(SuiteRunnerWorker.java:96)
at org.testng.TestNG.runSuitesSequentially(TestNG.java:1187)
at org.testng.TestNG.runSuitesLocally(TestNG.java:1109)
at org.testng.TestNG.runSuites(TestNG.java:1039)
at org.testng.TestNG.run(TestNG.java:1007)
at org.testng.remote.AbstractRemoteTestNG.run(AbstractRemoteTestNG.java:115)
at org.testng.remote.RemoteTestNG.initAndRun(RemoteTestNG.java:251)
at org.testng.remote.RemoteTestNG.main(RemoteTestNG.java:77)
]]>
    </error>
  </testcase> <!-- checkValidlogin -->
  <system-out/>
</testsuite> <!-- com.wordpress.tests.Wordpressvalidlogin -->
